<?xml version="1.0" encoding="UTF-8"?>
<testng-results ignored="0" total="2" passed="2" failed="0" skipped="0">
  <reporter-output>
  </reporter-output>
  <suite started-at="2025-06-16T13:07:19 IST" name="MasterSuite" finished-at="2025-06-16T13:09:06 IST" duration-ms="107334">
    <groups>
      <group name="Master">
        <method signature="tc_001_Registration.verifyAccountRegistration()[pri:0, instance:testCases.tc_001_Registration@4032d386]" name="verifyAccountRegistration" class="testCases.tc_001_Registration"/>
        <method signature="tc_002_Logintest.verifyLogin()[pri:0, instance:testCases.tc_002_Logintest@27adc16e]" name="verifyLogin" class="testCases.tc_002_Logintest"/>
      </group> <!-- Master -->
      <group name="Regression">
        <method signature="tc_001_Registration.verifyAccountRegistration()[pri:0, instance:testCases.tc_001_Registration@4032d386]" name="verifyAccountRegistration" class="testCases.tc_001_Registration"/>
      </group> <!-- Regression -->
      <group name="sanity">
        <method signature="tc_002_Logintest.verifyLogin()[pri:0, instance:testCases.tc_002_Logintest@27adc16e]" name="verifyLogin" class="testCases.tc_002_Logintest"/>
      </group> <!-- sanity -->
    </groups>
    <test started-at="2025-06-16T13:07:19 IST" name="Test" finished-at="2025-06-16T13:09:06 IST" duration-ms="107334">
      <class name="testCases.tc_001_Registration">
        <test-method is-config="true" signature="Setup(java.lang.String,java.lang.String)[pri:0, instance:testCases.tc_001_Registration@4032d386]" started-at="2025-06-16T13:07:21 IST" name="Setup" finished-at="2025-06-16T13:08:04 IST" duration-ms="42348" status="PASS">
          <params>
            <param index="0">
              <value>
                <![CDATA[chrome]]>
              </value>
            </param>
            <param index="1">
              <value>
                <![CDATA[Windows]]>
              </value>
            </param>
          </params>
          <reporter-output>
          </reporter-output>
        </test-method> <!-- Setup -->
        <test-method signature="verifyAccountRegistration()[pri:0, instance:testCases.tc_001_Registration@4032d386]" started-at="2025-06-16T13:08:04 IST" name="verifyAccountRegistration" finished-at="2025-06-16T13:08:22 IST" duration-ms="18662" status="PASS">
          <reporter-output>
          </reporter-output>
        </test-method> <!-- verifyAccountRegistration -->
        <test-method is-config="true" signature="TearDown()[pri:0, instance:testCases.tc_001_Registration@4032d386]" started-at="2025-06-16T13:08:23 IST" name="TearDown" finished-at="2025-06-16T13:08:47 IST" duration-ms="24924" status="PASS">
          <reporter-output>
          </reporter-output>
        </test-method> <!-- TearDown -->
      </class> <!-- testCases.tc_001_Registration -->
      <class name="testCases.tc_002_Logintest">
        <test-method is-config="true" signature="Setup(java.lang.String,java.lang.String)[pri:0, instance:testCases.tc_002_Logintest@27adc16e]" started-at="2025-06-16T13:08:47 IST" name="Setup" finished-at="2025-06-16T13:08:57 IST" duration-ms="9497" status="PASS">
          <params>
            <param index="0">
              <value>
                <![CDATA[chrome]]>
              </value>
            </param>
            <param index="1">
              <value>
                <![CDATA[Windows]]>
              </value>
            </param>
          </params>
          <reporter-output>
          </reporter-output>
        </test-method> <!-- Setup -->
        <test-method signature="verifyLogin()[pri:0, instance:testCases.tc_002_Logintest@27adc16e]" started-at="2025-06-16T13:08:57 IST" name="verifyLogin" finished-at="2025-06-16T13:09:05 IST" duration-ms="8208" status="PASS">
          <reporter-output>
          </reporter-output>
        </test-method> <!-- verifyLogin -->
        <test-method is-config="true" signature="TearDown()[pri:0, instance:testCases.tc_002_Logintest@27adc16e]" started-at="2025-06-16T13:09:05 IST" name="TearDown" finished-at="2025-06-16T13:09:06 IST" duration-ms="1014" status="PASS">
          <reporter-output>
          </reporter-output>
        </test-method> <!-- TearDown -->
      </class> <!-- testCases.tc_002_Logintest -->
    </test> <!-- Test -->
  </suite> <!-- MasterSuite -->
</testng-results>
