<?xml version="1.0" encoding="UTF-8"?>
<testng-results ignored="0" total="2" passed="2" failed="0" skipped="0">
  <reporter-output>
  </reporter-output>
  <suite started-at="2025-06-12T16:19:24 IST" name="MasterSuite" finished-at="2025-06-12T16:20:34 IST" duration-ms="69706">
    <groups>
      <group name="Master">
        <method signature="tc_001_Registration.verifyAccountRegistration()[pri:0, instance:testCases.tc_001_Registration@36060e]" name="verifyAccountRegistration" class="testCases.tc_001_Registration"/>
        <method signature="tc_002_Logintest.verifyLogin()[pri:0, instance:testCases.tc_002_Logintest@be68757]" name="verifyLogin" class="testCases.tc_002_Logintest"/>
      </group> <!-- Master -->
      <group name="Regression">
        <method signature="tc_001_Registration.verifyAccountRegistration()[pri:0, instance:testCases.tc_001_Registration@36060e]" name="verifyAccountRegistration" class="testCases.tc_001_Registration"/>
      </group> <!-- Regression -->
      <group name="sanity">
        <method signature="tc_002_Logintest.verifyLogin()[pri:0, instance:testCases.tc_002_Logintest@be68757]" name="verifyLogin" class="testCases.tc_002_Logintest"/>
      </group> <!-- sanity -->
    </groups>
    <test started-at="2025-06-12T16:19:24 IST" name="Test" finished-at="2025-06-12T16:20:34 IST" duration-ms="69706">
      <class name="testCases.tc_001_Registration">
        <test-method is-config="true" signature="Setup(java.lang.String,java.lang.String)[pri:0, instance:testCases.tc_001_Registration@36060e]" started-at="2025-06-12T16:19:24 IST" name="Setup" finished-at="2025-06-12T16:19:40 IST" duration-ms="15491" status="PASS">
          <params>
            <param index="0">
              <value>
                <![CDATA[chrome]]>
              </value>
            </param>
            <param index="1">
              <value>
                <![CDATA[Windows]]>
              </value>
            </param>
          </params>
          <reporter-output>
          </reporter-output>
        </test-method> <!-- Setup -->
        <test-method signature="verifyAccountRegistration()[pri:0, instance:testCases.tc_001_Registration@36060e]" started-at="2025-06-12T16:19:40 IST" name="verifyAccountRegistration" finished-at="2025-06-12T16:20:06 IST" duration-ms="26454" status="PASS">
          <reporter-output>
          </reporter-output>
        </test-method> <!-- verifyAccountRegistration -->
        <test-method is-config="true" signature="TearDown()[pri:0, instance:testCases.tc_001_Registration@36060e]" started-at="2025-06-12T16:20:07 IST" name="TearDown" finished-at="2025-06-12T16:20:09 IST" duration-ms="2032" status="PASS">
          <reporter-output>
          </reporter-output>
        </test-method> <!-- TearDown -->
      </class> <!-- testCases.tc_001_Registration -->
      <class name="testCases.tc_002_Logintest">
        <test-method is-config="true" signature="Setup(java.lang.String,java.lang.String)[pri:0, instance:testCases.tc_002_Logintest@be68757]" started-at="2025-06-12T16:20:09 IST" name="Setup" finished-at="2025-06-12T16:20:21 IST" duration-ms="12723" status="PASS">
          <params>
            <param index="0">
              <value>
                <![CDATA[chrome]]>
              </value>
            </param>
            <param index="1">
              <value>
                <![CDATA[Windows]]>
              </value>
            </param>
          </params>
          <reporter-output>
          </reporter-output>
        </test-method> <!-- Setup -->
        <test-method signature="verifyLogin()[pri:0, instance:testCases.tc_002_Logintest@be68757]" started-at="2025-06-12T16:20:21 IST" name="verifyLogin" finished-at="2025-06-12T16:20:33 IST" duration-ms="11509" status="PASS">
          <reporter-output>
          </reporter-output>
        </test-method> <!-- verifyLogin -->
        <test-method is-config="true" signature="TearDown()[pri:0, instance:testCases.tc_002_Logintest@be68757]" started-at="2025-06-12T16:20:33 IST" name="TearDown" finished-at="2025-06-12T16:20:34 IST" duration-ms="985" status="PASS">
          <reporter-output>
          </reporter-output>
        </test-method> <!-- TearDown -->
      </class> <!-- testCases.tc_002_Logintest -->
    </test> <!-- Test -->
  </suite> <!-- MasterSuite -->
</testng-results>
